<?xml version="1.0" encoding="UTF-8"?>
<!-- Generated by org.testng.reporters.JUnitXMLReporter -->
<testsuite ignored="0" hostname="Sony-PC" failures="0" tests="3" name="Default test" time="22.522" errors="0" timestamp="2020-10-12T18:16:22 IST">
  <testcase classname="testNG.OpenThreeBrowserByUsingTestng" name="openGamil" time="3.827"/>
  <testcase classname="testNG.OpenThreeBrowserByUsingTestng" name="openGoogle" time="9.863"/>
  <testcase classname="testNG.OpenThreeBrowserByUsingTestng" name="openbingo" time="8.753"/>
</testsuite> <!-- Default test -->
