<?xml version="1.0" encoding="UTF-8"?>
<testng-results ignored="1" total="1" passed="0" failed="0" skipped="0">
  <reporter-output>
  </reporter-output>
  <suite started-at="2020-10-12T18:49:51 IST" name="Suite" finished-at="2020-10-12T18:49:51 IST" duration-ms="23">
    <groups>
    </groups>
    <test started-at="2020-10-12T18:49:51 IST" name="Test" finished-at="2020-10-12T18:49:51 IST" duration-ms="23">
      <class name="testNG.OpenThreeBrowserByUsingTestng">
        <test-method is-config="true" signature="openBrowser()[pri:0, instance:testNG.OpenThreeBrowserByUsingTestng@3098cf3b]" started-at="2020-10-12T18:49:40 IST" name="openBrowser" finished-at="2020-10-12T18:49:51 IST" duration-ms="10733" status="PASS">
          <reporter-output>
          </reporter-output>
        </test-method> <!-- openBrowser -->
        <test-method is-config="true" signature="closeBrowser()[pri:0, instance:testNG.OpenThreeBrowserByUsingTestng@3098cf3b]" started-at="2020-10-12T18:49:51 IST" name="closeBrowser" finished-at="2020-10-12T18:49:51 IST" duration-ms="0" status="PASS">
          <reporter-output>
          </reporter-output>
        </test-method> <!-- closeBrowser -->
      </class> <!-- testNG.OpenThreeBrowserByUsingTestng -->
    </test> <!-- Test -->
  </suite> <!-- Suite -->
</testng-results>
